<?xml version="1.0" encoding="UTF-8"?>
<testng-results ignored="0" total="2" passed="2" failed="0" skipped="0">
  <reporter-output>
  </reporter-output>
  <suite started-at="2023-08-28T15:36:03 IST" name="Surefire suite" finished-at="2023-08-28T15:36:17 IST" duration-ms="13720">
    <groups>
    </groups>
    <test started-at="2023-08-28T15:36:03 IST" name="Surefire test" finished-at="2023-08-28T15:36:17 IST" duration-ms="13720">
      <class name="basics.TestAMM">
        <test-method signature="testCaseID011()[pri:0, instance:basics.TestAMM@50ad3bc1]" started-at="2023-08-28T15:36:04 IST" name="testCaseID011" finished-at="2023-08-28T15:36:12 IST" duration-ms="8375" status="PASS">
          <reporter-output>
          </reporter-output>
        </test-method> <!-- testCaseID011 -->
      </class> <!-- basics.TestAMM -->
      <class name="basics.TestM2">
        <test-method signature="testCaseID012()[pri:0, instance:basics.TestM2@4de4b452]" started-at="2023-08-28T15:36:12 IST" name="testCaseID012" finished-at="2023-08-28T15:36:17 IST" duration-ms="5246" status="PASS">
          <reporter-output>
          </reporter-output>
        </test-method> <!-- testCaseID012 -->
      </class> <!-- basics.TestM2 -->
    </test> <!-- Surefire test -->
  </suite> <!-- Surefire suite -->
</testng-results>
