<?xml version="1.0" encoding="UTF-8"?>
<testng-results ignored="0" total="1" passed="1" failed="0" skipped="0">
  <reporter-output>
  </reporter-output>
  <suite started-at="2023-08-28T15:12:32 IST" name="Default suite" finished-at="2023-08-28T15:12:39 IST" duration-ms="7062">
    <groups>
    </groups>
    <test started-at="2023-08-28T15:12:32 IST" name="Default test" finished-at="2023-08-28T15:12:39 IST" duration-ms="7062">
      <class name="basics.TestAMM">
        <test-method signature="testCaseID011()[pri:0, instance:basics.TestAMM@4b29d1d2]" started-at="2023-08-28T15:12:32 IST" name="testCaseID011" finished-at="2023-08-28T15:12:39 IST" duration-ms="6964" status="PASS">
          <reporter-output>
          </reporter-output>
        </test-method> <!-- testCaseID011 -->
      </class> <!-- basics.TestAMM -->
    </test> <!-- Default test -->
  </suite> <!-- Default suite -->
</testng-results>
